<?xml version="1.0" encoding="UTF-8"?>
<!-- Generated by org.testng.reporters.JUnitXMLReporter -->
<testsuite hostname="HW2300" ignored="0" name="screenshots" tests="1" failures="0" timestamp="02 Aug 2018 08:19:29 GMT" time="19.626" errors="0">
  <testcase name="@BeforeMethod launchDriver" time="19.505" classname="com.seleniumtesting.screenshot.ScreenshotsEx">
    <failure type="org.openqa.selenium.SessionNotCreatedException" message="Unable to create new remote session. desired capabilities = Capabilities [{marionette=true, firefoxOptions=org.openqa.selenium.firefox.FirefoxOptions@7bedc48a, browserName=firefox, moz:firefoxOptions=org.openqa.selenium.firefox.FirefoxOptions@7bedc48a, version=, platform=ANY}], required capabilities = Capabilities [{}]
Build info: version: &amp;apos;3.0.1&amp;apos;, revision: &amp;apos;1969d75&amp;apos;, time: &amp;apos;2016-10-18 09:49:13 -0700&amp;apos;
System info: host: &amp;apos;HW2300&amp;apos;, ip: &amp;apos;10.250.87.30&amp;apos;, os.name: &amp;apos;Windows 7&amp;apos;, os.arch: &amp;apos;amd64&amp;apos;, os.version: &amp;apos;6.1&amp;apos;, java.version: &amp;apos;1.8.0_91&amp;apos;
Driver info: driver.version: FirefoxDriver">
      <![CDATA[org.openqa.selenium.SessionNotCreatedException: Unable to create new remote session. desired capabilities = Capabilities [{marionette=true, firefoxOptions=org.openqa.selenium.firefox.FirefoxOptions@7bedc48a, browserName=firefox, moz:firefoxOptions=org.openqa.selenium.firefox.FirefoxOptions@7bedc48a, version=, platform=ANY}], required capabilities = Capabilities [{}]
Build info: version: '3.0.1', revision: '1969d75', time: '2016-10-18 09:49:13 -0700'
System info: host: 'HW2300', ip: '10.250.87.30', os.name: 'Windows 7', os.arch: 'amd64', os.version: '6.1', java.version: '1.8.0_91'
Driver info: driver.version: FirefoxDriver
at org.openqa.selenium.remote.ProtocolHandshake.createSession(ProtocolHandshake.java:91)
at org.openqa.selenium.remote.HttpCommandExecutor.execute(HttpCommandExecutor.java:141)
at org.openqa.selenium.remote.service.DriverCommandExecutor.execute(DriverCommandExecutor.java:82)
at org.openqa.selenium.remote.RemoteWebDriver.execute(RemoteWebDriver.java:601)
at org.openqa.selenium.remote.RemoteWebDriver.startSession(RemoteWebDriver.java:241)
at org.openqa.selenium.remote.RemoteWebDriver.<init>(RemoteWebDriver.java:128)
at org.openqa.selenium.firefox.FirefoxDriver.<init>(FirefoxDriver.java:259)
at org.openqa.selenium.firefox.FirefoxDriver.<init>(FirefoxDriver.java:247)
at org.openqa.selenium.firefox.FirefoxDriver.<init>(FirefoxDriver.java:242)
at org.openqa.selenium.firefox.FirefoxDriver.<init>(FirefoxDriver.java:238)
at org.openqa.selenium.firefox.FirefoxDriver.<init>(FirefoxDriver.java:127)
at com.seleniumtesting.screenshot.ScreenshotsEx.launchDriver(ScreenshotsEx.java:22)
... Removed 28 stack frames]]>
    </failure>
  </testcase> <!-- @BeforeMethod launchDriver -->
  <testcase name="@AfterMethod tearDown" time="0.0" classname="com.seleniumtesting.screenshot.ScreenshotsEx">
    <skipped/>
  </testcase> <!-- @AfterMethod tearDown -->
  <testcase name="verifyHomePage" time="0.0" classname="com.seleniumtesting.screenshot.ScreenshotsEx">
    <skipped/>
  </testcase> <!-- verifyHomePage -->
</testsuite> <!-- screenshots -->
